<?xml version="1.0" encoding="UTF-8"?>
<testsuite name="ParticipantDirectoryTest" tests="4" skipped="0" failures="0" errors="0" timestamp="2024-07-11T11:22:53" hostname="ubuntu2004" time="0.055">
  <properties/>
  <testcase name="getRosterByUsername_multipleParticipants_returnsSortedRoster()" classname="ParticipantDirectoryTest" time="0.027"/>
  <testcase name="getParticipantByID_multipleParticipants_returnsParticipant()" classname="ParticipantDirectoryTest" time="0.008"/>
  <testcase name="getRosterByID_multipleParticipants_returnsSortedRoster()" classname="ParticipantDirectoryTest" time="0.004"/>
  <testcase name="getParticipantByUsername_multipleParticipants_returnsParticipant()" classname="ParticipantDirectoryTest" time="0.005"/>
  <system-out><![CDATA[]]></system-out>
  <system-err><![CDATA[]]></system-err>
</testsuite>
